<?xml version="1.0" encoding="UTF-8"?>
<!-- Generated by org.testng.reporters.JUnitXMLReporter -->
<testsuite hostname="lenovo-PC" ignored="0" name="Test" tests="2" failures="0" timestamp="17 Dec 2018 13:37:01 GMT" time="0.08" errors="0">
  <testcase name="@BeforeSuite setup" time="0.0" classname="weinvest.flipkart">
    <failure type="org.testng.TestNGException" message="
Parameter &amp;apos;browser&amp;apos; is required by BeforeSuite on method setup but has not been marked @Optional or defined
in D:\selenium software\ranford\testng.xml">
      <![CDATA[org.testng.TestNGException: 
Parameter 'browser' is required by BeforeSuite on method setup but has not been marked @Optional or defined
in D:\selenium software\ranford\testng.xml
... Removed 16 stack frames]]>
    </failure>
  </testcase> <!-- @BeforeSuite setup -->
  <testcase name="Title" time="0.001" classname="weinvest.flipkart">
    <skipped/>
  </testcase> <!-- Title -->
  <testcase name="signup" time="0.0" classname="weinvest.flipkart">
    <skipped/>
  </testcase> <!-- signup -->
</testsuite> <!-- Test -->
